0 info it worked if it ends with ok
1 verbose cli [ '/home/touchps/.nvm/v0.10.32/bin/node',
1 verbose cli   '/home/touchps/.nvm/v0.10.32/bin/npm',
1 verbose cli   'version',
1 verbose cli   'patch',
1 verbose cli   '-m',
1 verbose cli   'upgrading to %s patch upgrade' ]
2 info using npm@1.4.28
3 info using node@v0.10.32
4 error Error: Command failed: fatal: tag 'v0.0.2' already exists
4 error
4 error     at ChildProcess.exithandler (child_process.js:648:15)
4 error     at ChildProcess.emit (events.js:98:17)
4 error     at maybeClose (child_process.js:756:16)
4 error     at Socket.<anonymous> (child_process.js:969:11)
4 error     at Socket.emit (events.js:95:17)
4 error     at Pipe.close (net.js:465:12)
5 error If you need help, you may report this *entire* log,
5 error including the npm and node versions, at:
5 error     <http://github.com/npm/npm/issues>
6 error System Linux 3.13.0-36-generic
7 error command "/home/touchps/.nvm/v0.10.32/bin/node" "/home/touchps/.nvm/v0.10.32/bin/npm" "version" "patch" "-m" "upgrading to %s patch upgrade"
8 error cwd /home/touchps/code/openshift/appr
9 error node -v v0.10.32
10 error npm -v 1.4.28
11 error code 128
12 verbose exit [ 1, true ]
